c:\users\ichan\downloads\genesis-rr--2\genesis-rr--2\dll\x64\release\vc142.pdb
c:\users\ichan\downloads\genesis-rr--2\genesis-rr--2\dll\x64\release\audio.obj
c:\users\ichan\downloads\genesis-rr--2\genesis-rr--2\dll\x64\release\overridable_fields.obj
c:\users\ichan\downloads\genesis-rr--2\genesis-rr--2\dll\x64\release\native_invoke.obj
c:\users\ichan\downloads\genesis-rr--2\genesis-rr--2\dll\x64\release\hooking.obj
c:\users\ichan\downloads\genesis-rr--2\genesis-rr--2\dll\x64\release\base64.obj
c:\users\ichan\downloads\genesis-rr--2\genesis-rr--2\dll\x64\release\cheats.obj
c:\users\ichan\downloads\genesis-rr--2\genesis-rr--2\dll\x64\release\main.obj
c:\users\ichan\downloads\genesis-rr--2\genesis-rr--2\dll\x64\release\genesis_rr.lib
c:\users\ichan\downloads\genesis-rr--2\genesis-rr--2\dll\x64\release\genesis_rr.exp
c:\users\ichan\downloads\genesis-rr--2\genesis-rr--2\dll\x64\release\genesis_rr.dll
c:\users\ichan\downloads\lol\genesis_rr\dll\x64\release\audio.obj
c:\users\ichan\downloads\lol\genesis_rr\dll\x64\release\base64.obj
c:\users\ichan\downloads\lol\genesis_rr\dll\x64\release\cheats.obj
c:\users\ichan\downloads\lol\genesis_rr\dll\x64\release\hooking.obj
c:\users\ichan\downloads\lol\genesis_rr\dll\x64\release\main.obj
c:\users\ichan\downloads\lol\genesis_rr\dll\x64\release\native_invoke.obj
c:\users\ichan\downloads\lol\genesis_rr\dll\x64\release\overridable_fields.obj
c:\users\ichan\downloads\lol\genesis_rr\dll\x64\release\genesis_rr.exp
c:\users\ichan\downloads\lol\genesis_rr\dll\x64\release\vc142.pdb
c:\users\ichan\downloads\lol\genesis_rr\dll\x64\release\genesis_rr.dll
c:\users\ichan\downloads\lol\genesis_rr\dll\x64\release\genesis_rr.tlog\cl.command.1.tlog
c:\users\ichan\downloads\lol\genesis_rr\dll\x64\release\genesis_rr.tlog\cl.read.1.tlog
c:\users\ichan\downloads\lol\genesis_rr\dll\x64\release\genesis_rr.tlog\cl.write.1.tlog
c:\users\ichan\downloads\lol\genesis_rr\dll\x64\release\genesis_rr.tlog\genesis_rr.write.1u.tlog
c:\users\ichan\downloads\lol\genesis_rr\dll\x64\release\genesis_rr.tlog\link.command.1.tlog
c:\users\ichan\downloads\lol\genesis_rr\dll\x64\release\genesis_rr.tlog\link.read.1.tlog
c:\users\ichan\downloads\lol\genesis_rr\dll\x64\release\genesis_rr.tlog\link.write.1.tlog
